<?xml version="1.0" encoding="UTF-8"?>
<!-- Generated by org.testng.reporters.JUnitReportReporter -->
<testsuite hostname="DESKTOP-RMQEJFF" failures="0" tests="3" name="android.cell.MobileTest" time="16.980" errors="0" timestamp="2020-11-29T16:35:05 CST" skipped="0">
  <testcase classname="android.cell.MobileTest" name="tearDown" time="2.084"/>
  <system-out/>
  <testcase classname="android.cell.MobileTest" name="androidTablet" time="7.495"/>
  <system-out/>
  <testcase classname="android.cell.MobileTest" name="androidMobile" time="7.401"/>
  <system-out/>
</testsuite> <!-- android.cell.MobileTest -->
