<?xml version="1.0" encoding="UTF-8"?>
<!-- Generated by org.testng.reporters.JUnitReportReporter -->
<testsuite hostname="DESKTOP-RMQEJFF" failures="0" tests="2" name="android.cell.ApitTest" time="0.019" errors="0" timestamp="2020-11-28T16:30:35 CST" skipped="0">
  <testcase classname="android.cell.ApitTest" name="myApiTwo" time="0.002"/>
  <system-out/>
  <testcase classname="android.cell.ApitTest" name="myApiOne" time="0.017"/>
  <system-out/>
</testsuite> <!-- android.cell.ApitTest -->
