<?xml version="1.0" encoding="UTF-8"?>
<!-- Generated by org.testng.reporters.JUnitReportReporter -->
<testsuite hostname="DESKTOP-RMQEJFF" failures="0" tests="2" name="android.cell.ApiFramework" time="0.031" errors="0" timestamp="2020-12-05T17:29:28 CST" skipped="0">
  <testcase classname="android.cell.ApiFramework" name="myApiOne" time="0.029"/>
  <system-out/>
  <testcase classname="android.cell.ApiFramework" name="myApiTwo" time="0.002"/>
  <system-out/>
</testsuite> <!-- android.cell.ApiFramework -->
