<?xml version="1.0" encoding="UTF-8"?>
<!-- Generated by org.testng.reporters.JUnitReportReporter -->
<testsuite hostname="DESKTOP-RMQEJFF" failures="0" tests="2" name="android.cell.WebAppTest" time="0.001" errors="0" timestamp="2020-11-29T16:58:01 CST" skipped="0">
  <testcase classname="android.cell.WebAppTest" name="webAppOne" time="0.001"/>
  <system-out/>
  <testcase classname="android.cell.WebAppTest" name="webAppTwo" time="0.000"/>
  <system-out/>
</testsuite> <!-- android.cell.WebAppTest -->
